python3: can't open file '/run_all.py': [Errno 2] No such file or directory
python3: can't open file '/home/samuel/run_all.py': [Errno 2] No such file or directory
python3: can't open file '/run_all.py': [Errno 2] No such file or directory
python3: can't open file '/run_all.py': [Errno 2] No such file or directory
python3: can't open file '/run_all.py': [Errno 2] No such file or directory
python3: can't open file '/run_all.py': [Errno 2] No such file or directory
python3: can't open file '/run_all.py': [Errno 2] No such file or directory
Running scrapers/pyScraper1.py...

python3: can't open file '/home/samuel/scrapers/pyScraper1.py': [Errno 2] No such file or directory

Error: scrapers/pyScraper1.py exited with code 2. Stopping execution.
All scripts completed.
Running scrapers/pyScraper1.py...

python3: can't open file '/home/samuel/scrapers/pyScraper1.py': [Errno 2] No such file or directory

Error: scrapers/pyScraper1.py exited with code 2. Stopping execution.
All scripts completed.
Running /home/samuel/Documents/2_Brighton/sem2/GroupProject/laptop_chatbot/Sam/server_side/scrapers/pyScraper1.py...

Traceback (most recent call last):
  File "/home/samuel/Documents/2_Brighton/sem2/GroupProject/laptop_chatbot/Sam/server_side/scrapers/pyScraper1.py", line 2, in <module>
    from bs4 import BeautifulSoup  # Import BeautifulSoup which parses data from HTML content
    ^^^^^^^^^^^^^^^^^^^^^^^^^^^^^
ModuleNotFoundError: No module named 'bs4'

Error: /home/samuel/Documents/2_Brighton/sem2/GroupProject/laptop_chatbot/Sam/server_side/scrapers/pyScraper1.py exited with code 1. Stopping execution.
All scripts completed.
